\BOOKMARK [0][-]{chapter.1}{Preliminaries}{}% 1
\BOOKMARK [1][-]{section.1.1}{Syntax}{chapter.1}% 2
\BOOKMARK [2][-]{subsection.1.1.1}{Propositional logic}{section.1.1}% 3
\BOOKMARK [2][-]{subsection.1.1.2}{Predicate logic}{section.1.1}% 4
\BOOKMARK [1][-]{section.1.2}{Semantics}{chapter.1}% 5
\BOOKMARK [2][-]{subsection.1.2.1}{Propositional Logic}{section.1.2}% 6
\BOOKMARK [2][-]{subsection.1.2.2}{Predicate Logic}{section.1.2}% 7
\BOOKMARK [1][-]{section.1.3}{Skolemization and Herbrandization}{chapter.1}% 8
\BOOKMARK [1][-]{section.1.4}{Proof theory}{chapter.1}% 9
\BOOKMARK [0][-]{chapter.2}{Embedding intuitionistic into classical logic}{}% 10
\BOOKMARK [1][-]{section.2.1}{Propositional logic}{chapter.2}% 11
\BOOKMARK [2][-]{subsection.2.1.1}{IPC to CQC}{section.2.1}% 12
\BOOKMARK [2][-]{subsection.2.1.2}{Normal form transformation}{section.2.1}% 13
\BOOKMARK [2][-]{subsection.2.1.3}{IPC to simplified CQC}{section.2.1}% 14
\BOOKMARK [2][-]{subsection.2.1.4}{IPC to CPC}{section.2.1}% 15
\BOOKMARK [1][-]{section.2.2}{IPC to QBF}{chapter.2}% 16
\BOOKMARK [1][-]{section.2.3}{CQC to IQC}{chapter.2}% 17
\BOOKMARK [2][-]{subsection.2.3.1}{Encoding Kripke Semantics}{section.2.3}% 18
\BOOKMARK [2][-]{subsection.2.3.2}{Reducing the encoding}{section.2.3}% 19
\BOOKMARK [0][-]{chapter.3}{Implementation}{}% 20
\BOOKMARK [0][-]{chapter.4}{Translation of proofs and counter-models}{}% 21
