This is pdfTeX, Version 3.14159265-2.6-1.40.21 (MiKTeX 20.7) (preloaded format=pdflatex 2020.10.5)  26 JAN 2022 19:53
entering extended mode
**./output.tex
(output.tex
LaTeX2e <2020-10-01>
L3 programming layer <2020-09-24> xparse <2020-03-03>
(E:\Users\Alex\AppData\Local\Programs\MiKTeX\tex/latex/base\article.cls
Document Class: article 2020/04/10 v1.4m Standard LaTeX document class
(E:\Users\Alex\AppData\Local\Programs\MiKTeX\tex/latex/base\fleqn.clo
File: fleqn.clo 2016/12/29 v1.2b Standard LaTeX option (flush left equations)
\mathindent=\skip47
Applying: [2015/01/01] Make \[ robust on input line 50.
LaTeX Info: Redefining \[ on input line 51.
Already applied: [0000/00/00] Make \[ robust on input line 62.
Applying: [2015/01/01] Make \] robust on input line 74.
LaTeX Info: Redefining \] on input line 75.
Already applied: [0000/00/00] Make \] robust on input line 83.
)
(E:\Users\Alex\AppData\Local\Programs\MiKTeX\tex/latex/base\size10.clo
File: size10.clo 2020/04/10 v1.4m Standard LaTeX file (size option)
)
\c@part=\count175
\c@section=\count176
\c@subsection=\count177
\c@subsubsection=\count178
\c@paragraph=\count179
\c@subparagraph=\count180
\c@figure=\count181
\c@table=\count182
\abovecaptionskip=\skip48
\belowcaptionskip=\skip49
\bibindent=\dimen138
)
(E:\Users\Alex\AppData\Local\Programs\MiKTeX\tex/latex/preprint\fullpage.sty
Package: fullpage 1999/02/23 1.1 (PWD)
\FP@margin=\skip50
)
(E:\Users\Alex\AppData\Local\Programs\MiKTeX\tex/latex/base\latexsym.sty
Package: latexsym 1998/08/17 v2.2e Standard LaTeX package (lasy symbols)
\symlasy=\mathgroup4
LaTeX Font Info:    Overwriting symbol font `lasy' in version `bold'
(Font)                  U/lasy/m/n --> U/lasy/b/n on input line 52.
)
(E:\Users\Alex\AppData\Local\Programs\MiKTeX\tex/latex/l3backend\l3backend-pdft
ex.def
File: l3backend-pdftex.def 2020-09-24 L3 backend support: PDF output (pdfTeX)
\l__kernel_color_stack_int=\count183
\l__pdf_internal_box=\box47
) (output.aux)
\openout1 = `output.aux'.

LaTeX Font Info:    Checking defaults for OML/cmm/m/it on input line 24.
LaTeX Font Info:    ... okay on input line 24.
LaTeX Font Info:    Checking defaults for OMS/cmsy/m/n on input line 24.
LaTeX Font Info:    ... okay on input line 24.
LaTeX Font Info:    Checking defaults for OT1/cmr/m/n on input line 24.
LaTeX Font Info:    ... okay on input line 24.
LaTeX Font Info:    Checking defaults for T1/cmr/m/n on input line 24.
LaTeX Font Info:    ... okay on input line 24.
LaTeX Font Info:    Checking defaults for TS1/cmr/m/n on input line 24.
LaTeX Font Info:    ... okay on input line 24.
LaTeX Font Info:    Checking defaults for OMX/cmex/m/n on input line 24.
LaTeX Font Info:    ... okay on input line 24.
LaTeX Font Info:    Checking defaults for U/cmr/m/n on input line 24.
LaTeX Font Info:    ... okay on input line 24.
LaTeX Font Info:    External font `cmex10' loaded for size
(Font)              <7> on input line 26.
LaTeX Font Info:    External font `cmex10' loaded for size
(Font)              <5> on input line 26.
LaTeX Font Info:    Trying to load font information for U+lasy on input line 26
.

(E:\Users\Alex\AppData\Local\Programs\MiKTeX\tex/latex/base\ulasy.fd
File: ulasy.fd 1998/08/17 v2.2e LaTeX symbol font definitions
)
Underfull \hbox (badness 10000) in paragraph at lines 26--27

 []


Underfull \hbox (badness 10000) in paragraph at lines 41--42

 []


Underfull \hbox (badness 10000) in paragraph at lines 52--53

 []


Underfull \hbox (badness 10000) in paragraph at lines 67--68

 []


Underfull \hbox (badness 10000) in paragraph at lines 82--83

 []


Underfull \hbox (badness 10000) in paragraph at lines 93--94

 []


Underfull \hbox (badness 10000) in paragraph at lines 104--105

 []


Overfull \hbox (106.75096pt too wide) detected at line 114
$ []$ 
 []


Underfull \hbox (badness 10000) in paragraph at lines 115--116

 []


Underfull \hbox (badness 10000) in paragraph at lines 130--131

 []


Underfull \hbox (badness 10000) in paragraph at lines 141--142

 []


Underfull \hbox (badness 10000) in paragraph at lines 156--157

 []


Underfull \hbox (badness 10000) in paragraph at lines 171--172

 []

[1

{C:/Users/Alex/AppData/Local/MiKTeX/pdftex/config/pdftex.map}]
Underfull \hbox (badness 10000) in paragraph at lines 186--187

 []


Underfull \hbox (badness 10000) in paragraph at lines 201--202

 []


Underfull \hbox (badness 10000) in paragraph at lines 216--217

 []


Underfull \hbox (badness 10000) in paragraph at lines 231--232

 []


Underfull \hbox (badness 10000) in paragraph at lines 246--247

 []


Underfull \hbox (badness 10000) in paragraph at lines 261--262

 []


Underfull \hbox (badness 10000) in paragraph at lines 272--273

 []


Overfull \hbox (106.75096pt too wide) detected at line 282
$ []$ 
 []


Underfull \hbox (badness 10000) in paragraph at lines 283--284

 []


Underfull \hbox (badness 10000) in paragraph at lines 298--299

 []


Underfull \hbox (badness 10000) in paragraph at lines 313--314

 []

[2]
Underfull \hbox (badness 10000) in paragraph at lines 324--325

 []


Underfull \hbox (badness 10000) in paragraph at lines 335--336

 []


Underfull \hbox (badness 10000) in paragraph at lines 350--351

 []


Underfull \hbox (badness 10000) in paragraph at lines 361--362

 []


Overfull \hbox (106.75096pt too wide) detected at line 371
$ []$ 
 []


Underfull \hbox (badness 10000) in paragraph at lines 372--373

 []


Underfull \hbox (badness 10000) in paragraph at lines 379--380

 []


Underfull \hbox (badness 10000) in paragraph at lines 386--387

 []


Underfull \hbox (badness 10000) in paragraph at lines 409--410

 []


Underfull \hbox (badness 10000) in paragraph at lines 416--417

 []


Underfull \hbox (badness 10000) in paragraph at lines 423--424

 []


Underfull \hbox (badness 10000) in paragraph at lines 430--431

 []


Underfull \hbox (badness 10000) in paragraph at lines 441--442

 []

[3]
Underfull \hbox (badness 10000) in paragraph at lines 452--453

 []


Underfull \hbox (badness 10000) in paragraph at lines 463--464

 []


Underfull \hbox (badness 10000) in paragraph at lines 474--475

 []


Underfull \hbox (badness 10000) in paragraph at lines 481--482

 []


Overfull \hbox (114.52876pt too wide) detected at line 491
$ []$ 
 []


Underfull \hbox (badness 10000) in paragraph at lines 492--493

 []


Overfull \hbox (114.52876pt too wide) detected at line 502
$ []$ 
 []


Underfull \hbox (badness 10000) in paragraph at lines 503--504

 []


Underfull \hbox (badness 10000) in paragraph at lines 510--511

 []


Underfull \hbox (badness 10000) in paragraph at lines 517--518

 []


Underfull \hbox (badness 10000) in paragraph at lines 532--533

 []


Underfull \hbox (badness 10000) in paragraph at lines 539--540

 []


Underfull \hbox (badness 10000) in paragraph at lines 550--551

 []


Underfull \hbox (badness 10000) in paragraph at lines 561--562

 []

[4] (output.aux) ) 
Here is how much of TeX's memory you used:
 483 strings out of 480236
 9026 string characters out of 2881034
 292257 words of memory out of 3000000
 17102 multiletter control sequences out of 15000+200000
 537055 words of font info for 37 fonts, out of 3000000 for 9000
 1141 hyphenation exceptions out of 8191
 41i,15n,52p,316b,280s stack positions out of 5000i,500n,10000p,200000b,50000s
<E:/Users/Alex/AppData/Local/Programs/MiKTeX/fonts/type1/publ
ic/amsfonts/cm/cmbx12.pfb><E:/Users/Alex/AppData/Local/Programs/MiKTeX/fonts/ty
pe1/public/amsfonts/cm/cmmi10.pfb><E:/Users/Alex/AppData/Local/Programs/MiKTeX/
fonts/type1/public/amsfonts/cm/cmr10.pfb><E:/Users/Alex/AppData/Local/Programs/
MiKTeX/fonts/type1/public/amsfonts/cm/cmr7.pfb><E:/Users/Alex/AppData/Local/Pro
grams/MiKTeX/fonts/type1/public/amsfonts/cm/cmsy10.pfb><E:/Users/Alex/AppData/L
ocal/Programs/MiKTeX/fonts/type1/public/amsfonts/cm/cmti10.pfb><E:/Users/Alex/A
ppData/Local/Programs/MiKTeX/fonts/type1/public/amsfonts/latxfont/lasy10.pfb>
Output written on output.pdf (4 pages, 78929 bytes).
PDF statistics:
 43 PDF objects out of 1000 (max. 8388607)
 0 named destinations out of 1000 (max. 500000)
 1 words of extra memory for PDF output out of 10000 (max. 10000000)

